[debug] [2024-11-23T17:24:34.627Z] ----------------------------------------------------------------------
[debug] [2024-11-23T17:24:34.631Z] Command:       C:\Program Files\nodejs\node.exe C:\Users\lab_services_student\AppData\Roaming\npm\node_modules\firebase-tools\lib\bin\firebase.js deploy
[debug] [2024-11-23T17:24:34.631Z] CLI Version:   13.27.0
[debug] [2024-11-23T17:24:34.631Z] Platform:      win32
[debug] [2024-11-23T17:24:34.632Z] Node Version:  v21.6.1
[debug] [2024-11-23T17:24:34.632Z] Time:          Sat Nov 23 2024 19:24:34 GMT+0200 (South Africa Standard Time)
[debug] [2024-11-23T17:24:34.632Z] ----------------------------------------------------------------------
[debug] 
[debug] [2024-11-23T17:24:34.730Z] > command requires scopes: ["email","openid","https://www.googleapis.com/auth/cloudplatformprojects.readonly","https://www.googleapis.com/auth/firebase","https://www.googleapis.com/auth/cloud-platform"]
[debug] [2024-11-23T17:24:34.731Z] > authorizing via signed-in user (zakariyyahadams@gmail.com)
[debug] [2024-11-23T17:24:34.731Z] [iam] checking project syncup-12345 for permissions ["cloudfunctions.functions.create","cloudfunctions.functions.delete","cloudfunctions.functions.get","cloudfunctions.functions.list","cloudfunctions.functions.update","cloudfunctions.operations.get","firebase.projects.get","firebasedatabase.instances.update"]
[debug] [2024-11-23T17:24:34.733Z] Checked if tokens are valid: true, expires at: 1732385025318
[debug] [2024-11-23T17:24:34.733Z] Checked if tokens are valid: true, expires at: 1732385025318
[debug] [2024-11-23T17:24:34.735Z] >>> [apiv2][query] POST https://cloudresourcemanager.googleapis.com/v1/projects/syncup-12345:testIamPermissions [none]
[debug] [2024-11-23T17:24:34.735Z] >>> [apiv2][(partial)header] POST https://cloudresourcemanager.googleapis.com/v1/projects/syncup-12345:testIamPermissions x-goog-quota-user=projects/syncup-12345
[debug] [2024-11-23T17:24:34.735Z] >>> [apiv2][body] POST https://cloudresourcemanager.googleapis.com/v1/projects/syncup-12345:testIamPermissions {"permissions":["cloudfunctions.functions.create","cloudfunctions.functions.delete","cloudfunctions.functions.get","cloudfunctions.functions.list","cloudfunctions.functions.update","cloudfunctions.operations.get","firebase.projects.get","firebasedatabase.instances.update"]}
[debug] [2024-11-23T17:24:35.476Z] <<< [apiv2][status] POST https://cloudresourcemanager.googleapis.com/v1/projects/syncup-12345:testIamPermissions 200
[debug] [2024-11-23T17:24:35.477Z] <<< [apiv2][body] POST https://cloudresourcemanager.googleapis.com/v1/projects/syncup-12345:testIamPermissions {"permissions":["cloudfunctions.functions.create","cloudfunctions.functions.delete","cloudfunctions.functions.get","cloudfunctions.functions.list","cloudfunctions.functions.update","cloudfunctions.operations.get","firebase.projects.get","firebasedatabase.instances.update"]}
[debug] [2024-11-23T17:24:35.477Z] Checked if tokens are valid: true, expires at: 1732385025318
[debug] [2024-11-23T17:24:35.478Z] Checked if tokens are valid: true, expires at: 1732385025318
[debug] [2024-11-23T17:24:35.478Z] >>> [apiv2][query] POST https://iam.googleapis.com/v1/projects/syncup-12345/serviceAccounts/syncup-12345@appspot.gserviceaccount.com:testIamPermissions [none]
[debug] [2024-11-23T17:24:35.478Z] >>> [apiv2][body] POST https://iam.googleapis.com/v1/projects/syncup-12345/serviceAccounts/syncup-12345@appspot.gserviceaccount.com:testIamPermissions {"permissions":["iam.serviceAccounts.actAs"]}
[debug] [2024-11-23T17:24:36.103Z] <<< [apiv2][status] POST https://iam.googleapis.com/v1/projects/syncup-12345/serviceAccounts/syncup-12345@appspot.gserviceaccount.com:testIamPermissions 200
[debug] [2024-11-23T17:24:36.104Z] <<< [apiv2][body] POST https://iam.googleapis.com/v1/projects/syncup-12345/serviceAccounts/syncup-12345@appspot.gserviceaccount.com:testIamPermissions {"permissions":["iam.serviceAccounts.actAs"]}
[debug] [2024-11-23T17:24:36.105Z] Checked if tokens are valid: true, expires at: 1732385025318
[debug] [2024-11-23T17:24:36.105Z] Checked if tokens are valid: true, expires at: 1732385025318
[debug] [2024-11-23T17:24:36.105Z] >>> [apiv2][query] GET https://firebase.googleapis.com/v1beta1/projects/syncup-12345 [none]
[debug] [2024-11-23T17:24:36.359Z] <<< [apiv2][status] GET https://firebase.googleapis.com/v1beta1/projects/syncup-12345 200
[debug] [2024-11-23T17:24:36.359Z] <<< [apiv2][body] GET https://firebase.googleapis.com/v1beta1/projects/syncup-12345 {"projectId":"syncup-12345","projectNumber":"956701614099","displayName":"SyncUP","name":"projects/syncup-12345","resources":{"hostingSite":"syncup-12345","realtimeDatabaseInstance":"syncup-12345-default-rtdb"},"state":"ACTIVE","etag":"1_9e249430-04fa-47b9-ae7d-0390af5e0e1f"}
[info] 
[info] === Deploying to 'syncup-12345'...
[info] 
[info] i  deploying database, functions 
[info] i  database: checking rules syntax... 
[debug] [2024-11-23T17:24:36.376Z] Checked if tokens are valid: true, expires at: 1732385025318
[debug] [2024-11-23T17:24:36.377Z] Checked if tokens are valid: true, expires at: 1732385025318
[debug] [2024-11-23T17:24:36.377Z] >>> [apiv2][query] GET https://firebasedatabase.googleapis.com/v1beta/projects/syncup-12345/locations/-/instances/syncup-12345-default-rtdb [none]
[debug] [2024-11-23T17:24:37.138Z] <<< [apiv2][status] GET https://firebasedatabase.googleapis.com/v1beta/projects/syncup-12345/locations/-/instances/syncup-12345-default-rtdb 200
[debug] [2024-11-23T17:24:37.138Z] <<< [apiv2][body] GET https://firebasedatabase.googleapis.com/v1beta/projects/syncup-12345/locations/-/instances/syncup-12345-default-rtdb {"name":"projects/956701614099/locations/asia-southeast1/instances/syncup-12345-default-rtdb","project":"projects/956701614099","databaseUrl":"https://syncup-12345-default-rtdb.asia-southeast1.firebasedatabase.app","type":"DEFAULT_DATABASE","state":"ACTIVE"}
[debug] [2024-11-23T17:24:37.140Z] Checked if tokens are valid: true, expires at: 1732385025318
[debug] [2024-11-23T17:24:37.140Z] Checked if tokens are valid: true, expires at: 1732385025318
[debug] [2024-11-23T17:24:37.141Z] >>> [apiv2][query] PUT https://syncup-12345-default-rtdb.asia-southeast1.firebasedatabase.app/.settings/rules.json dryRun=true
[debug] [2024-11-23T17:24:37.141Z] >>> [apiv2][body] PUT https://syncup-12345-default-rtdb.asia-southeast1.firebasedatabase.app/.settings/rules.json "{\n  \"rules\": {\n    \"students\": {\n      \".read\": \"auth != null\",\n      \".write\": \"auth != null\"\n    },\n    \"security\": {\n      \".read\": \"auth != null\",\n      \".write\": \"auth != null\"\n    },\n    \"messages\": {\n      \".read\": \"auth != null\",\n      \".write\": \"auth != null\"\n    },\n    \"emergencies\": {\n      \".read\": \"auth != null\",\n      \".write\": \"auth != null\"\n    },\n    \"locations\": {\n      \".read\": \"auth != null\",\n      \".write\": \"auth != null\"\n    },\n    \"carpools\": {\n      \".read\": \"auth != null\",\n      \".write\": \"auth != null\"\n    },\n    \"admins\": {\n      \".read\": \"auth != null\",\n      \".write\": \"auth != null\"\n    }\n  }\n}\n"
[debug] [2024-11-23T17:24:37.774Z] <<< [apiv2][status] PUT https://syncup-12345-default-rtdb.asia-southeast1.firebasedatabase.app/.settings/rules.json 200
[debug] [2024-11-23T17:24:37.775Z] <<< [apiv2][body] PUT https://syncup-12345-default-rtdb.asia-southeast1.firebasedatabase.app/.settings/rules.json {"status":"ok"}
[info] +  database: rules syntax for database syncup-12345-default-rtdb is valid 
[debug] [2024-11-23T17:24:37.777Z] Checked if tokens are valid: true, expires at: 1732385025318
[debug] [2024-11-23T17:24:37.777Z] Checked if tokens are valid: true, expires at: 1732385025318
[debug] [2024-11-23T17:24:37.778Z] >>> [apiv2][query] GET https://cloudresourcemanager.googleapis.com/v1/projects/syncup-12345 [none]
[debug] [2024-11-23T17:24:37.951Z] <<< [apiv2][status] GET https://cloudresourcemanager.googleapis.com/v1/projects/syncup-12345 200
[debug] [2024-11-23T17:24:37.951Z] <<< [apiv2][body] GET https://cloudresourcemanager.googleapis.com/v1/projects/syncup-12345 {"projectNumber":"956701614099","projectId":"syncup-12345","lifecycleState":"ACTIVE","name":"SyncUP","labels":{"firebase":"enabled"},"createTime":"2024-09-11T08:45:01.004194Z"}
[info] i  functions: preparing codebase default for deployment 
[info] i  functions: ensuring required API cloudfunctions.googleapis.com is enabled... 
[debug] [2024-11-23T17:24:37.954Z] Checked if tokens are valid: true, expires at: 1732385025318
[debug] [2024-11-23T17:24:37.954Z] Checked if tokens are valid: true, expires at: 1732385025318
[debug] [2024-11-23T17:24:37.955Z] Checked if tokens are valid: true, expires at: 1732385025318
[debug] [2024-11-23T17:24:37.955Z] Checked if tokens are valid: true, expires at: 1732385025318
[info] i  functions: ensuring required API cloudbuild.googleapis.com is enabled... 
[debug] [2024-11-23T17:24:37.956Z] Checked if tokens are valid: true, expires at: 1732385025318
[debug] [2024-11-23T17:24:37.956Z] Checked if tokens are valid: true, expires at: 1732385025318
[info] i  artifactregistry: ensuring required API artifactregistry.googleapis.com is enabled... 
[debug] [2024-11-23T17:24:37.956Z] Checked if tokens are valid: true, expires at: 1732385025318
[debug] [2024-11-23T17:24:37.957Z] Checked if tokens are valid: true, expires at: 1732385025318
[debug] [2024-11-23T17:24:37.957Z] >>> [apiv2][query] GET https://serviceusage.googleapis.com/v1/projects/syncup-12345/services/cloudfunctions.googleapis.com [none]
[debug] [2024-11-23T17:24:37.957Z] >>> [apiv2][(partial)header] GET https://serviceusage.googleapis.com/v1/projects/syncup-12345/services/cloudfunctions.googleapis.com x-goog-quota-user=projects/syncup-12345
[debug] [2024-11-23T17:24:37.959Z] >>> [apiv2][query] GET https://serviceusage.googleapis.com/v1/projects/syncup-12345/services/runtimeconfig.googleapis.com [none]
[debug] [2024-11-23T17:24:37.959Z] >>> [apiv2][(partial)header] GET https://serviceusage.googleapis.com/v1/projects/syncup-12345/services/runtimeconfig.googleapis.com x-goog-quota-user=projects/syncup-12345
[debug] [2024-11-23T17:24:37.960Z] >>> [apiv2][query] GET https://serviceusage.googleapis.com/v1/projects/syncup-12345/services/cloudbuild.googleapis.com [none]
[debug] [2024-11-23T17:24:37.960Z] >>> [apiv2][(partial)header] GET https://serviceusage.googleapis.com/v1/projects/syncup-12345/services/cloudbuild.googleapis.com x-goog-quota-user=projects/syncup-12345
[debug] [2024-11-23T17:24:37.962Z] >>> [apiv2][query] GET https://serviceusage.googleapis.com/v1/projects/syncup-12345/services/artifactregistry.googleapis.com [none]
[debug] [2024-11-23T17:24:37.962Z] >>> [apiv2][(partial)header] GET https://serviceusage.googleapis.com/v1/projects/syncup-12345/services/artifactregistry.googleapis.com x-goog-quota-user=projects/syncup-12345
[debug] [2024-11-23T17:24:38.302Z] <<< [apiv2][status] GET https://serviceusage.googleapis.com/v1/projects/syncup-12345/services/artifactregistry.googleapis.com 200
[debug] [2024-11-23T17:24:38.302Z] <<< [apiv2][body] GET https://serviceusage.googleapis.com/v1/projects/syncup-12345/services/artifactregistry.googleapis.com [omitted]
[info] +  artifactregistry: required API artifactregistry.googleapis.com is enabled 
[debug] [2024-11-23T17:24:38.637Z] <<< [apiv2][status] GET https://serviceusage.googleapis.com/v1/projects/syncup-12345/services/runtimeconfig.googleapis.com 200
[debug] [2024-11-23T17:24:38.637Z] <<< [apiv2][body] GET https://serviceusage.googleapis.com/v1/projects/syncup-12345/services/runtimeconfig.googleapis.com [omitted]
[debug] [2024-11-23T17:24:38.749Z] <<< [apiv2][status] GET https://serviceusage.googleapis.com/v1/projects/syncup-12345/services/cloudbuild.googleapis.com 200
[debug] [2024-11-23T17:24:38.749Z] <<< [apiv2][body] GET https://serviceusage.googleapis.com/v1/projects/syncup-12345/services/cloudbuild.googleapis.com [omitted]
[info] +  functions: required API cloudbuild.googleapis.com is enabled 
[debug] [2024-11-23T17:24:38.752Z] <<< [apiv2][status] GET https://serviceusage.googleapis.com/v1/projects/syncup-12345/services/cloudfunctions.googleapis.com 200
[debug] [2024-11-23T17:24:38.752Z] <<< [apiv2][body] GET https://serviceusage.googleapis.com/v1/projects/syncup-12345/services/cloudfunctions.googleapis.com [omitted]
[info] +  functions: required API cloudfunctions.googleapis.com is enabled 
[debug] [2024-11-23T17:24:38.753Z] Checked if tokens are valid: true, expires at: 1732385025318
[debug] [2024-11-23T17:24:38.753Z] Checked if tokens are valid: true, expires at: 1732385025318
[debug] [2024-11-23T17:24:38.753Z] >>> [apiv2][query] GET https://firebase.googleapis.com/v1beta1/projects/syncup-12345/adminSdkConfig [none]
[debug] [2024-11-23T17:24:38.968Z] <<< [apiv2][status] GET https://firebase.googleapis.com/v1beta1/projects/syncup-12345/adminSdkConfig 200
[debug] [2024-11-23T17:24:38.968Z] <<< [apiv2][body] GET https://firebase.googleapis.com/v1beta1/projects/syncup-12345/adminSdkConfig {"projectId":"syncup-12345","databaseURL":"https://syncup-12345-default-rtdb.asia-southeast1.firebasedatabase.app","storageBucket":"syncup-12345.firebasestorage.app"}
[debug] [2024-11-23T17:24:38.969Z] Checked if tokens are valid: true, expires at: 1732385025318
[debug] [2024-11-23T17:24:38.969Z] Checked if tokens are valid: true, expires at: 1732385025318
[debug] [2024-11-23T17:24:38.969Z] >>> [apiv2][query] GET https://runtimeconfig.googleapis.com/v1beta1/projects/syncup-12345/configs [none]
[debug] [2024-11-23T17:24:39.171Z] <<< [apiv2][status] GET https://runtimeconfig.googleapis.com/v1beta1/projects/syncup-12345/configs 200
[debug] [2024-11-23T17:24:39.171Z] <<< [apiv2][body] GET https://runtimeconfig.googleapis.com/v1beta1/projects/syncup-12345/configs {"configs":[{"name":"projects/syncup-12345/configs/custom"},{"name":"projects/syncup-12345/configs/database"},{"name":"projects/syncup-12345/configs/jwt"}]}
[debug] [2024-11-23T17:24:39.172Z] Checked if tokens are valid: true, expires at: 1732385025318
[debug] [2024-11-23T17:24:39.172Z] Checked if tokens are valid: true, expires at: 1732385025318
[debug] [2024-11-23T17:24:39.172Z] Checked if tokens are valid: true, expires at: 1732385025318
[debug] [2024-11-23T17:24:39.172Z] Checked if tokens are valid: true, expires at: 1732385025318
[debug] [2024-11-23T17:24:39.172Z] Checked if tokens are valid: true, expires at: 1732385025318
[debug] [2024-11-23T17:24:39.172Z] Checked if tokens are valid: true, expires at: 1732385025318
[debug] [2024-11-23T17:24:39.172Z] >>> [apiv2][query] GET https://runtimeconfig.googleapis.com/v1beta1/projects/syncup-12345/configs/custom/variables [none]
[debug] [2024-11-23T17:24:39.173Z] >>> [apiv2][query] GET https://runtimeconfig.googleapis.com/v1beta1/projects/syncup-12345/configs/database/variables [none]
[debug] [2024-11-23T17:24:39.176Z] >>> [apiv2][query] GET https://runtimeconfig.googleapis.com/v1beta1/projects/syncup-12345/configs/jwt/variables [none]
[debug] [2024-11-23T17:24:39.371Z] <<< [apiv2][status] GET https://runtimeconfig.googleapis.com/v1beta1/projects/syncup-12345/configs/database/variables 200
[debug] [2024-11-23T17:24:39.371Z] <<< [apiv2][body] GET https://runtimeconfig.googleapis.com/v1beta1/projects/syncup-12345/configs/database/variables {"variables":[{"name":"projects/syncup-12345/configs/database/variables/url","updateTime":"2024-11-19T13:37:47.624553191Z"}]}
[debug] [2024-11-23T17:24:39.372Z] Checked if tokens are valid: true, expires at: 1732385025318
[debug] [2024-11-23T17:24:39.372Z] Checked if tokens are valid: true, expires at: 1732385025318
[debug] [2024-11-23T17:24:39.372Z] >>> [apiv2][query] GET https://runtimeconfig.googleapis.com/v1beta1/projects/syncup-12345/configs/database/variables/url [none]
[debug] [2024-11-23T17:24:39.380Z] <<< [apiv2][status] GET https://runtimeconfig.googleapis.com/v1beta1/projects/syncup-12345/configs/jwt/variables 200
[debug] [2024-11-23T17:24:39.380Z] <<< [apiv2][body] GET https://runtimeconfig.googleapis.com/v1beta1/projects/syncup-12345/configs/jwt/variables {"variables":[{"name":"projects/syncup-12345/configs/jwt/variables/secret","updateTime":"2024-11-19T23:06:51.786389481Z"}]}
[debug] [2024-11-23T17:24:39.381Z] Checked if tokens are valid: true, expires at: 1732385025318
[debug] [2024-11-23T17:24:39.381Z] Checked if tokens are valid: true, expires at: 1732385025318
[debug] [2024-11-23T17:24:39.381Z] >>> [apiv2][query] GET https://runtimeconfig.googleapis.com/v1beta1/projects/syncup-12345/configs/jwt/variables/secret [none]
[debug] [2024-11-23T17:24:39.550Z] <<< [apiv2][status] GET https://runtimeconfig.googleapis.com/v1beta1/projects/syncup-12345/configs/jwt/variables/secret 200
[debug] [2024-11-23T17:24:39.550Z] <<< [apiv2][body] GET https://runtimeconfig.googleapis.com/v1beta1/projects/syncup-12345/configs/jwt/variables/secret {"name":"projects/syncup-12345/configs/jwt/variables/secret","updateTime":"2024-11-19T23:06:51.786389481Z","text":"your-secret-key"}
[debug] [2024-11-23T17:24:39.866Z] <<< [apiv2][status] GET https://runtimeconfig.googleapis.com/v1beta1/projects/syncup-12345/configs/custom/variables 200
[debug] [2024-11-23T17:24:39.867Z] <<< [apiv2][body] GET https://runtimeconfig.googleapis.com/v1beta1/projects/syncup-12345/configs/custom/variables {"variables":[{"name":"projects/syncup-12345/configs/custom/variables/db_url","updateTime":"2024-10-29T15:53:28.522093267Z"}]}
[debug] [2024-11-23T17:24:39.867Z] Checked if tokens are valid: true, expires at: 1732385025318
[debug] [2024-11-23T17:24:39.867Z] Checked if tokens are valid: true, expires at: 1732385025318
[debug] [2024-11-23T17:24:39.867Z] >>> [apiv2][query] GET https://runtimeconfig.googleapis.com/v1beta1/projects/syncup-12345/configs/custom/variables/db_url [none]
[debug] [2024-11-23T17:24:40.042Z] <<< [apiv2][status] GET https://runtimeconfig.googleapis.com/v1beta1/projects/syncup-12345/configs/custom/variables/db_url 200
[debug] [2024-11-23T17:24:40.042Z] <<< [apiv2][body] GET https://runtimeconfig.googleapis.com/v1beta1/projects/syncup-12345/configs/custom/variables/db_url {"name":"projects/syncup-12345/configs/custom/variables/db_url","updateTime":"2024-10-29T15:53:28.522093267Z","text":"https://syncup-12345-default-rtdb.asia-southeast1.firebasedatabase.app/"}
[debug] [2024-11-23T17:24:40.088Z] <<< [apiv2][status] GET https://runtimeconfig.googleapis.com/v1beta1/projects/syncup-12345/configs/database/variables/url 200
[debug] [2024-11-23T17:24:40.089Z] <<< [apiv2][body] GET https://runtimeconfig.googleapis.com/v1beta1/projects/syncup-12345/configs/database/variables/url {"name":"projects/syncup-12345/configs/database/variables/url","updateTime":"2024-11-19T13:37:47.624553191Z","text":"https://syncup-12345-default-rtdb.asia-southeast1.firebasedatabase.app"}
[debug] [2024-11-23T17:24:40.091Z] Validating nodejs source
[warn] !  functions: package.json indicates an outdated version of firebase-functions. Please upgrade using npm install --save firebase-functions@latest in your functions directory. 
[debug] [2024-11-23T17:24:41.889Z] > [functions] package.json contents: {
  "name": "functions",
  "description": "Cloud Functions for Firebase",
  "scripts": {
    "serve": "firebase emulators:start --only functions",
    "shell": "firebase functions:shell",
    "start": "npm run shell",
    "deploy": "firebase deploy --only functions",
    "logs": "firebase functions:log"
  },
  "engines": {
    "node": "18"
  },
  "main": "index.js",
  "dependencies": {
    "bcrypt": "^5.1.1",
    "dotenv": "^16.4.5",
    "firebase-admin": "^12.6.0",
    "firebase-functions": "^6.0.1",
    "nodemailer": "^6.9.16"
  },
  "devDependencies": {
    "firebase-functions-test": "^3.1.0"
  },
  "private": true
}
[debug] [2024-11-23T17:24:41.890Z] Building nodejs source
[info] i  functions: Loading and analyzing source code for codebase default to determine what to deploy 
[debug] [2024-11-23T17:24:41.892Z] Could not find functions.yaml. Must use http discovery
[debug] [2024-11-23T17:24:41.903Z] Found firebase-functions binary at 'C:\Users\lab_services_student\Desktop\UniSafe_API\functions\node_modules\.bin\firebase-functions'
